This is pdfTeX, Version 3.14159265-2.6-1.40.15 (TeX Live 2014) (preloaded format=pdflatex 2014.9.15)  27 SEP 2014 00:07
entering extended mode
 restricted \write18 enabled.
 file:line:error style messages enabled.
 %&-line parsing enabled.
**structuralopt.tex
(./structuralopt.tex
LaTeX2e <2014/05/01>
Babel <3.9k> and hyphenation patterns for 78 languages loaded.
(./egpubl.cls
Document Class: egpubl 2013/11/28 Document Style for EG Publications v3.57
\c@table=\count79
\c@figure=\count80
\c@part=\count81
\c@section=\count82
\c@subsection=\count83
\c@subsubsection=\count84
\c@paragraph=\count85
\c@subparagraph=\count86
\titlespace=\skip41
\teaserspace=\skip42
\c@p@volume=\count87
\bibhang=\skip43
\every@verbatim=\toks14
\verbatim@line=\toks15
(/usr/local/texlive/2014/texmf-dist/tex/generic/oberdiek/ifpdf.sty
Package: ifpdf 2011/01/30 v2.3 Provides the ifpdf switch (HO)
Package ifpdf Info: pdfTeX in PDF mode is detected.
)
(./structuralopt.lbl)
\openout9 = `structuralopt.lbl'.

) (./eg2015.sty)
(/usr/local/texlive/2014/texmf-dist/tex/latex/graphics/graphicx.sty
Package: graphicx 2014/04/25 v1.0g Enhanced LaTeX Graphics (DPC,SPQR)

(/usr/local/texlive/2014/texmf-dist/tex/latex/graphics/keyval.sty
Package: keyval 2014/05/08 v1.15 key=value parser (DPC)
\KV@toks@=\toks16
)
(/usr/local/texlive/2014/texmf-dist/tex/latex/graphics/graphics.sty
Package: graphics 2009/02/05 v1.0o Standard LaTeX Graphics (DPC,SPQR)

(/usr/local/texlive/2014/texmf-dist/tex/latex/graphics/trig.sty
Package: trig 1999/03/16 v1.09 sin cos tan (DPC)
)
(/usr/local/texlive/2014/texmf-dist/tex/latex/latexconfig/graphics.cfg
File: graphics.cfg 2010/04/23 v1.9 graphics configuration of TeX Live
)
Package graphics Info: Driver file: pdftex.def on input line 91.

(/usr/local/texlive/2014/texmf-dist/tex/latex/pdftex-def/pdftex.def
File: pdftex.def 2011/05/27 v0.06d Graphics/color for pdfTeX

(/usr/local/texlive/2014/texmf-dist/tex/generic/oberdiek/infwarerr.sty
Package: infwarerr 2010/04/08 v1.3 Providing info/warning/error messages (HO)
)
(/usr/local/texlive/2014/texmf-dist/tex/generic/oberdiek/ltxcmds.sty
Package: ltxcmds 2011/11/09 v1.22 LaTeX kernel commands for general use (HO)
)
\Gread@gobject=\count88
))
\Gin@req@height=\dimen102
\Gin@req@width=\dimen103
)
(/usr/local/texlive/2014/texmf-dist/tex/latex/hyperref/hyperref.sty
Package: hyperref 2012/11/06 v6.83m Hypertext links for LaTeX

(/usr/local/texlive/2014/texmf-dist/tex/generic/oberdiek/hobsub-hyperref.sty
Package: hobsub-hyperref 2012/05/28 v1.13 Bundle oberdiek, subset hyperref (HO)


(/usr/local/texlive/2014/texmf-dist/tex/generic/oberdiek/hobsub-generic.sty
Package: hobsub-generic 2012/05/28 v1.13 Bundle oberdiek, subset generic (HO)
Package: hobsub 2012/05/28 v1.13 Construct package bundles (HO)
Package hobsub Info: Skipping package `infwarerr' (already loaded).
Package hobsub Info: Skipping package `ltxcmds' (already loaded).
Package: ifluatex 2010/03/01 v1.3 Provides the ifluatex switch (HO)
Package ifluatex Info: LuaTeX not detected.
Package: ifvtex 2010/03/01 v1.5 Detect VTeX and its facilities (HO)
Package ifvtex Info: VTeX not detected.
Package: intcalc 2007/09/27 v1.1 Expandable calculations with integers (HO)
Package hobsub Info: Skipping package `ifpdf' (already loaded).
Package: etexcmds 2011/02/16 v1.5 Avoid name clashes with e-TeX commands (HO)
Package etexcmds Info: Could not find \expanded.
(etexcmds)             That can mean that you are not using pdfTeX 1.50 or
(etexcmds)             that some package has redefined \expanded.
(etexcmds)             In the latter case, load this package earlier.
Package: kvsetkeys 2012/04/25 v1.16 Key value parser (HO)
Package: kvdefinekeys 2011/04/07 v1.3 Define keys (HO)
Package: pdftexcmds 2011/11/29 v0.20 Utility functions of pdfTeX for LuaTeX (HO
)
Package pdftexcmds Info: LuaTeX not detected.
Package pdftexcmds Info: \pdf@primitive is available.
Package pdftexcmds Info: \pdf@ifprimitive is available.
Package pdftexcmds Info: \pdfdraftmode found.
Package: pdfescape 2011/11/25 v1.13 Implements pdfTeX's escape features (HO)
Package: bigintcalc 2012/04/08 v1.3 Expandable calculations on big integers (HO
)
Package: bitset 2011/01/30 v1.1 Handle bit-vector datatype (HO)
Package: uniquecounter 2011/01/30 v1.2 Provide unlimited unique counter (HO)
)
Package hobsub Info: Skipping package `hobsub' (already loaded).
Package: letltxmacro 2010/09/02 v1.4 Let assignment for LaTeX macros (HO)
Package: hopatch 2012/05/28 v1.2 Wrapper for package hooks (HO)
Package: xcolor-patch 2011/01/30 xcolor patch
Package: atveryend 2011/06/30 v1.8 Hooks at the very end of document (HO)
Package atveryend Info: \enddocument detected (standard20110627).
Package: atbegshi 2011/10/05 v1.16 At begin shipout hook (HO)
Package: refcount 2011/10/16 v3.4 Data extraction from label references (HO)
Package: hycolor 2011/01/30 v1.7 Color options for hyperref/bookmark (HO)
)
(/usr/local/texlive/2014/texmf-dist/tex/generic/ifxetex/ifxetex.sty
Package: ifxetex 2010/09/12 v0.6 Provides ifxetex conditional
)
(/usr/local/texlive/2014/texmf-dist/tex/latex/oberdiek/auxhook.sty
Package: auxhook 2011/03/04 v1.3 Hooks for auxiliary files (HO)
)
(/usr/local/texlive/2014/texmf-dist/tex/latex/oberdiek/kvoptions.sty
Package: kvoptions 2011/06/30 v3.11 Key value format for package options (HO)
)
\@linkdim=\dimen104
\Hy@linkcounter=\count89
\Hy@pagecounter=\count90

(/usr/local/texlive/2014/texmf-dist/tex/latex/hyperref/pd1enc.def
File: pd1enc.def 2012/11/06 v6.83m Hyperref: PDFDocEncoding definition (HO)
)
\Hy@SavedSpaceFactor=\count91

(/usr/local/texlive/2014/texmf-dist/tex/latex/latexconfig/hyperref.cfg
File: hyperref.cfg 2002/06/06 v1.2 hyperref configuration of TeXLive
)
Package hyperref Info: Option `colorlinks' set `true' on input line 4319.
Package hyperref Info: Option `bookmarks' set `false' on input line 4319.
Package hyperref Info: Hyper figures OFF on input line 4443.
Package hyperref Info: Link nesting OFF on input line 4448.
Package hyperref Info: Hyper index ON on input line 4451.
Package hyperref Info: Plain pages OFF on input line 4458.
Package hyperref Info: Backreferencing ON on input line 4461.
Package hyperref Info: Implicit mode ON; LaTeX internals redefined.
Package hyperref Info: Bookmarks OFF on input line 4694.

(/usr/local/texlive/2014/texmf-dist/tex/latex/hyperref/backref.sty
Package: backref 2012/07/25 v1.38 Bibliographical back referencing

(/usr/local/texlive/2014/texmf-dist/tex/latex/oberdiek/rerunfilecheck.sty
Package: rerunfilecheck 2011/04/15 v1.7 Rerun checks for auxiliary files (HO)
Package uniquecounter Info: New unique counter `rerunfilecheck' on input line 2
82.
))
\c@Hy@tempcnt=\count92

(/usr/local/texlive/2014/texmf-dist/tex/latex/url/url.sty
\Urlmuskip=\muskip10
Package: url 2013/09/16  ver 3.4  Verb mode for urls, etc.
)
LaTeX Info: Redefining \url on input line 5041.
\XeTeXLinkMargin=\dimen105
\Fld@menulength=\count93
\Field@Width=\dimen106
\Fld@charsize=\dimen107
Package hyperref Info: Hyper figures OFF on input line 6295.
Package hyperref Info: Link nesting OFF on input line 6300.
Package hyperref Info: Hyper index ON on input line 6303.
Package hyperref Info: backreferencing ON on input line 6308.
Package hyperref Info: Link coloring ON on input line 6313.
Package hyperref Info: Link coloring with OCG OFF on input line 6320.
Package hyperref Info: PDF/A mode OFF on input line 6325.
LaTeX Info: Redefining \ref on input line 6365.
LaTeX Info: Redefining \pageref on input line 6369.
\Hy@abspage=\count94
\c@Item=\count95
\c@Hfootnote=\count96
)

Package hyperref Message: Driver: hpdftex.

(/usr/local/texlive/2014/texmf-dist/tex/latex/hyperref/hpdftex.def
File: hpdftex.def 2012/11/06 v6.83m Hyperref driver for pdfTeX
\Fld@listcount=\count97
\c@bookmark@seq@number=\count98
\Hy@SectionHShift=\skip44
)
(/usr/local/texlive/2014/texmf-dist/tex/latex/base/t1enc.sty
Package: t1enc 1994/06/01 Standard LaTeX package
) (./dfadobe.sty
Package: dfadobe 2000/03/05 v1.4 T1-encoded Times (except symbols), Courier, He
lvetica (at 90\%) + math package
LaTeX Font Info:    Redeclaring symbol font `operators' on input line 14.
LaTeX Font Info:    Overwriting symbol font `operators' in version `normal'
(Font)                  OT1/cmr/m/n --> OT1/ptmcm/m/n on input line 14.
LaTeX Font Info:    Overwriting symbol font `operators' in version `bold'
(Font)                  OT1/cmr/bx/n --> OT1/ptmcm/m/n on input line 14.
LaTeX Font Info:    Redeclaring symbol font `letters' on input line 15.
LaTeX Font Info:    Overwriting symbol font `letters' in version `normal'
(Font)                  OML/cmm/m/it --> OML/ptmcm/m/it on input line 15.
LaTeX Font Info:    Overwriting symbol font `letters' in version `bold'
(Font)                  OML/cmm/b/it --> OML/ptmcm/m/it on input line 15.
LaTeX Font Info:    Redeclaring symbol font `largesymbols' on input line 16.
LaTeX Font Info:    Overwriting symbol font `largesymbols' in version `normal'
(Font)                  OMX/cmex/m/n --> OMX/psycm/m/n on input line 16.
LaTeX Font Info:    Overwriting symbol font `largesymbols' in version `bold'
(Font)                  OMX/cmex/m/n --> OMX/psycm/m/n on input line 16.
\symbold=\mathgroup4
\symitalic=\mathgroup5
LaTeX Font Info:    Redeclaring math alphabet \mathbf on input line 19.
LaTeX Font Info:    Overwriting math alphabet `\mathbf' in version `normal'
(Font)                  OT1/cmr/bx/n --> OT1/ptm/bx/n on input line 19.
LaTeX Font Info:    Overwriting math alphabet `\mathbf' in version `bold'
(Font)                  OT1/cmr/bx/n --> OT1/ptm/bx/n on input line 19.
LaTeX Font Info:    Redeclaring math alphabet \mathit on input line 20.
LaTeX Font Info:    Overwriting math alphabet `\mathit' in version `normal'
(Font)                  OT1/cmr/m/it --> OT1/ptm/m/it on input line 20.
LaTeX Font Info:    Overwriting math alphabet `\mathit' in version `bold'
(Font)                  OT1/cmr/bx/it --> OT1/ptm/m/it on input line 20.

(./dfT1ptm.fd
File: dfT1ptm.fd 2000/03/05 DF - Fontinst v1.6 font definitions for T1/ptm.
) (./dfT1phv.fd
File: dfT1phv.fd 1997/12/02 Fontinst v1.6 font definitions for T1/phv scaled to
 90\%.
) (./dfT1pcr.fd
File: dfT1pcr.fd 2000/03/05 DF - Fontinst v1.6 font definitions for T1/pcr.
)) (./egweblnk.sty
Package: egweblnk 2004/10/29 v2.2 DF's support for http web links in class egpu
bl
)
(/usr/local/texlive/2014/texmf-dist/tex/latex/cite/cite.sty
LaTeX Info: Redefining \cite on input line 302.
LaTeX Info: Redefining \nocite on input line 373.
Package: cite 2010/09/10  v 5.3
)
(./structuralopt.inc
(/usr/local/texlive/2014/texmf-dist/tex/latex/psnfss/times.sty
Package: times 2005/04/12 PSNFSS-v9.2a (SPQR) 
)
(/usr/local/texlive/2014/texmf-dist/tex/latex/tools/bm.sty
Package: bm 2004/02/26 v1.1c Bold Symbol Support (DPC/FMi)
\symboldsymbols=\mathgroup6
LaTeX Info: Redefining \bm on input line 203.
)
(/usr/local/texlive/2014/texmf-dist/tex/latex/algorithms/algorithm.sty
Package: algorithm 2009/08/24 v0.1 Document Style `algorithm' - floating enviro
nment

(/usr/local/texlive/2014/texmf-dist/tex/latex/float/float.sty
Package: float 2001/11/08 v1.3d Float enhancements (AL)
\c@float@type=\count99
\float@exts=\toks17
\float@box=\box26
\@float@everytoks=\toks18
\@floatcapt=\box27
)
(/usr/local/texlive/2014/texmf-dist/tex/latex/base/ifthen.sty
Package: ifthen 2001/05/26 v1.1c Standard LaTeX ifthen package (DPC)
)
\@float@every@algorithm=\toks19
\c@algorithm=\count100
)
(/usr/local/texlive/2014/texmf-dist/tex/latex/algorithms/algorithmic.sty
Package: algorithmic 2009/08/24 v0.1 Document Style `algorithmic'
\c@ALC@unique=\count101
\c@ALC@line=\count102
\c@ALC@rem=\count103
\c@ALC@depth=\count104
\ALC@tlm=\skip45
\algorithmicindent=\skip46
)
(/usr/local/texlive/2014/texmf-dist/tex/latex/multirow/multirow.sty
\bigstrutjot=\dimen108
)
(/usr/local/texlive/2014/texmf-dist/tex/latex/amsmath/amsmath.sty
Package: amsmath 2013/01/14 v2.14 AMS math features
\@mathmargin=\skip47

For additional information on amsmath, use the `?' option.
(/usr/local/texlive/2014/texmf-dist/tex/latex/amsmath/amstext.sty
Package: amstext 2000/06/29 v2.01

(/usr/local/texlive/2014/texmf-dist/tex/latex/amsmath/amsgen.sty
File: amsgen.sty 1999/11/30 v2.0
\@emptytoks=\toks20
\ex@=\dimen109
))
(/usr/local/texlive/2014/texmf-dist/tex/latex/amsmath/amsbsy.sty
Package: amsbsy 1999/11/29 v1.2d
LaTeX Info: Redefining \boldsymbol on input line 39.
\pmbraise@=\dimen110
)
(/usr/local/texlive/2014/texmf-dist/tex/latex/amsmath/amsopn.sty
Package: amsopn 1999/12/14 v2.01 operator names
)
\inf@bad=\count105
LaTeX Info: Redefining \frac on input line 210.
\uproot@=\count106
\leftroot@=\count107
LaTeX Info: Redefining \overline on input line 306.
\classnum@=\count108
\DOTSCASE@=\count109
LaTeX Info: Redefining \ldots on input line 378.
LaTeX Info: Redefining \dots on input line 381.
LaTeX Info: Redefining \cdots on input line 466.
\Mathstrutbox@=\box28
\strutbox@=\box29
\big@size=\dimen111
LaTeX Font Info:    Redeclaring font encoding OML on input line 566.
LaTeX Font Info:    Redeclaring font encoding OMS on input line 567.
\macc@depth=\count110
\c@MaxMatrixCols=\count111
\dotsspace@=\muskip11
\c@parentequation=\count112
\dspbrk@lvl=\count113
\tag@help=\toks21
\row@=\count114
\column@=\count115
\maxfields@=\count116
\andhelp@=\toks22
\eqnshift@=\dimen112
\alignsep@=\dimen113
\tagshift@=\dimen114
\tagwidth@=\dimen115
\totwidth@=\dimen116
\lineht@=\dimen117
\@envbody=\toks23
\multlinegap=\skip48
\multlinetaggap=\skip49
\mathdisplay@stack=\toks24
LaTeX Info: Redefining \[ on input line 2665.
LaTeX Info: Redefining \] on input line 2666.
)
(/usr/local/texlive/2014/texmf-dist/tex/latex/amsfonts/amssymb.sty
Package: amssymb 2013/01/14 v3.01 AMS font symbols

(/usr/local/texlive/2014/texmf-dist/tex/latex/amsfonts/amsfonts.sty
Package: amsfonts 2013/01/14 v3.01 Basic AMSFonts support
\symAMSa=\mathgroup7
\symAMSb=\mathgroup8
LaTeX Font Info:    Overwriting math alphabet `\mathfrak' in version `bold'
(Font)                  U/euf/m/n --> U/euf/b/n on input line 106.
))
(/usr/local/texlive/2014/texmf-dist/tex/latex/amsfonts/euscript.sty
Package: euscript 2009/06/22 v3.00 Euler Script fonts
LaTeX Font Info:    Overwriting math alphabet `\EuScript' in version `bold'
(Font)                  U/eus/m/n --> U/eus/b/n on input line 33.
)
(/usr/local/texlive/2014/texmf-dist/tex/latex/jknapltx/mathrsfs.sty
Package: mathrsfs 1996/01/01 Math RSFS package v1.0 (jk)
\symrsfs=\mathgroup9
)
(/usr/local/texlive/2014/texmf-dist/tex/latex/tools/hhline.sty
Package: hhline 1994/05/23 v2.03 Table rule package (DPC)
)
(/usr/local/texlive/2014/texmf-dist/tex/latex/picins/picins.sty
Option `picins' Version 3.0 Sep. 1992, TH Darmstadt/HRZ
\@BILD=\box30
\@TEXT=\box31
\d@breite=\dimen118
\d@hoehe=\dimen119
\d@xoff=\dimen120
\d@yoff=\dimen121
\d@shad=\dimen122
\d@dash=\dimen123
\d@boxl=\dimen124
\d@pichskip=\dimen125
\d@tmp=\dimen126
\d@tmpa=\dimen127
\d@bskip=\dimen128
\hsiz@=\dimen129
\p@getot@l=\dimen130
\c@breite=\count117
\c@hoehe=\count118
\c@xoff=\count119
\c@yoff=\count120
\c@pos=\count121
\c@shad=\count122
\c@dash=\count123
\c@boxl=\count124
\c@zeilen=\count125
\@changemode=\count126
\c@piccaption=\count127
\c@piccaptionpos=\count128
\c@picpos=\count129
\c@whole=\count130
\c@half=\count131
\c@tmp=\count132
\c@tmpa=\count133
\c@tmpb=\count134
\c@tmpc=\count135
\c@tmpd=\count136
\d@leftskip=\skip50
\ptoti=\dimen131
\ptotii=\dimen132
\env@box=\box32
\d@envdp=\dimen133
\c@hsize=\count137
\c@envdp=\count138
\d@envb=\dimen134
)
(/usr/local/texlive/2014/texmf-dist/tex/latex/subfigure/subfigure.sty
Package: subfigure 2002/03/15 v2.1.5 subfigure package


Package subfigure Warning: Your document class has a bad definition
 of \endfigure, most likely
 \let\endfigure=\end@float
 which has now been changed to
 \def\endfigure{\end@float}
 because otherwise subsequent changes to \end@float
 (like done by several packages changing float behaviour)
 can't take effect on \endfigure.
 Please complain to your document class author.


Package subfigure Warning: Your document class has a bad definition
 of \endtable, most likely
 \let\endtable=\end@float
 which has now been changed to
 \def\endtable{\end@float}
 because otherwise subsequent changes to \end@float
 (like done by several packages changing float behaviour)
 can't take effect on \endtable.
 Please complain to your document class author.

\subfigtopskip=\skip51
\subfigcapskip=\skip52
\subfigcaptopadj=\dimen135
\subfigbottomskip=\skip53
\subfigcapmargin=\dimen136
\subfiglabelskip=\skip54
\c@subfigure=\count139
\c@lofdepth=\count140
\c@subtable=\count141
\c@lotdepth=\count142
****************************************
* Local config file subfigure.cfg used *
****************************************
(/usr/local/texlive/2014/texmf-dist/tex/latex/subfigure/subfigure.cfg)
\subfig@top=\skip55
\subfig@bottom=\skip56
)
(/usr/local/texlive/2014/texmf-dist/tex/latex/ntheorem/ntheorem.sty
Style `ntheorem', Version 1.33 <2011/08/15>
Package: ntheorem 2011/08/15 1.33
\theorem@style=\toks25
\theorem@@style=\toks26
\theorembodyfont=\toks27
\theoremnumbering=\toks28
\theorempreskipamount=\skip57
\theorempostskipamount=\skip58
\theoremframepreskipamount=\skip59
\theoremframepostskipamount=\skip60
\theoreminframepreskipamount=\skip61
\theoreminframepostskipamount=\skip62
\theorem@preskip=\toks29
\theorem@postskip=\toks30
\theorem@framepreskip=\toks31
\theorem@framepostskip=\toks32
\theorem@inframepreskip=\toks33
\theorem@inframepostskip=\toks34
\theoremindent=\dimen137
\theorem@indent=\dimen138
\theoremrightindent=\dimen139
\theorem@rightindent=\dimen140
\theoremheaderfont=\toks35
\theoremseparator=\toks36
\theoremprework=\toks37
\theorempostwork=\toks38
\theoremsymbol=\toks39
\qedsymbol=\toks40
\theoremkeyword=\toks41
\qedsymbol=\toks42
\thm@topsep=\skip63
\thm@topsepadd=\skip64
) (/usr/local/texlive/2014/texmf-dist/tex/latex/bbding/bbding.sty
Package: bbding 1999/04/15 v1.01 Dingbats symbols
)
(/usr/local/texlive/2014/texmf-dist/tex/latex/psnfss/mathptmx.sty
Package: mathptmx 2005/04/12 PSNFSS-v9.2a Times w/ Math, improved (SPQR, WaS) 
LaTeX Font Info:    Redeclaring symbol font `operators' on input line 28.
LaTeX Font Info:    Overwriting symbol font `operators' in version `normal'
(Font)                  OT1/ptmcm/m/n --> OT1/ztmcm/m/n on input line 28.
LaTeX Font Info:    Overwriting symbol font `operators' in version `bold'
(Font)                  OT1/ptmcm/m/n --> OT1/ztmcm/m/n on input line 28.
LaTeX Font Info:    Redeclaring symbol font `letters' on input line 29.
LaTeX Font Info:    Overwriting symbol font `letters' in version `normal'
(Font)                  OML/ptmcm/m/it --> OML/ztmcm/m/it on input line 29.
LaTeX Font Info:    Overwriting symbol font `letters' in version `bold'
(Font)                  OML/ptmcm/m/it --> OML/ztmcm/m/it on input line 29.
LaTeX Font Info:    Redeclaring symbol font `symbols' on input line 30.
LaTeX Font Info:    Overwriting symbol font `symbols' in version `normal'
(Font)                  OMS/cmsy/m/n --> OMS/ztmcm/m/n on input line 30.
LaTeX Font Info:    Overwriting symbol font `symbols' in version `bold'
(Font)                  OMS/cmsy/b/n --> OMS/ztmcm/m/n on input line 30.
LaTeX Font Info:    Redeclaring symbol font `largesymbols' on input line 31.
LaTeX Font Info:    Overwriting symbol font `largesymbols' in version `normal'
(Font)                  OMX/psycm/m/n --> OMX/ztmcm/m/n on input line 31.
LaTeX Font Info:    Overwriting symbol font `largesymbols' in version `bold'
(Font)                  OMX/psycm/m/n --> OMX/ztmcm/m/n on input line 31.
LaTeX Font Info:    Redeclaring symbol font `bold' on input line 32.
LaTeX Font Info:    Overwriting symbol font `bold' in version `normal'
(Font)                  OT1/ptm/b/n --> OT1/ptm/bx/n on input line 32.
LaTeX Font Info:    Overwriting symbol font `bold' in version `bold'
(Font)                  OT1/ptm/b/n --> OT1/ptm/bx/n on input line 32.
LaTeX Font Info:    Redeclaring symbol font `italic' on input line 33.
LaTeX Font Info:    Overwriting symbol font `italic' in version `normal'
(Font)                  OT1/ptm/m/it --> OT1/ptm/m/it on input line 33.
LaTeX Font Info:    Overwriting symbol font `italic' in version `bold'
(Font)                  OT1/ptm/m/it --> OT1/ptm/m/it on input line 33.
LaTeX Font Info:    Redeclaring math alphabet \mathbf on input line 34.
LaTeX Font Info:    Overwriting math alphabet `\mathbf' in version `normal'
(Font)                  OT1/ptm/bx/n --> OT1/ptm/bx/n on input line 34.
LaTeX Font Info:    Overwriting math alphabet `\mathbf' in version `bold'
(Font)                  OT1/ptm/bx/n --> OT1/ptm/bx/n on input line 34.
LaTeX Font Info:    Redeclaring math alphabet \mathit on input line 35.
LaTeX Font Info:    Overwriting math alphabet `\mathit' in version `normal'
(Font)                  OT1/ptm/m/it --> OT1/ptm/m/it on input line 35.
LaTeX Font Info:    Overwriting math alphabet `\mathit' in version `bold'
(Font)                  OT1/ptm/m/it --> OT1/ptm/m/it on input line 35.
LaTeX Font Info:    Redeclaring math symbol \omicron on input line 36.
LaTeX Info: Redefining \hbar on input line 50.
)
(/usr/local/texlive/2014/texmf-dist/tex/latex/soul/soul.sty
Package: soul 2003/11/17 v2.4 letterspacing/underlining (mf)
\SOUL@word=\toks43
\SOUL@lasttoken=\toks44
\SOUL@cmds=\toks45
\SOUL@buffer=\toks46
\SOUL@token=\toks47
\SOUL@spaceskip=\skip65
\SOUL@ttwidth=\dimen141
\SOUL@uldp=\dimen142
\SOUL@ulht=\dimen143
)
(/usr/local/texlive/2014/texmf-dist/tex/latex/graphics/color.sty
Package: color 2014/04/23 v1.1a Standard LaTeX Color (DPC)

(/usr/local/texlive/2014/texmf-dist/tex/latex/latexconfig/color.cfg
File: color.cfg 2007/01/18 v1.5 color configuration of teTeX/TeXLive
)
Package color Info: Driver file: pdftex.def on input line 137.
)
(./structuralopt.aux)
\openout1 = `structuralopt.aux'.

LaTeX Font Info:    Checking defaults for OML/cmm/m/it on input line 78.
LaTeX Font Info:    ... okay on input line 78.
LaTeX Font Info:    Checking defaults for T1/cmr/m/n on input line 78.
LaTeX Font Info:    ... okay on input line 78.
LaTeX Font Info:    Checking defaults for OT1/cmr/m/n on input line 78.
LaTeX Font Info:    ... okay on input line 78.
LaTeX Font Info:    Checking defaults for OMS/cmsy/m/n on input line 78.
LaTeX Font Info:    ... okay on input line 78.
LaTeX Font Info:    Checking defaults for OMX/cmex/m/n on input line 78.
LaTeX Font Info:    ... okay on input line 78.
LaTeX Font Info:    Checking defaults for U/cmr/m/n on input line 78.
LaTeX Font Info:    ... okay on input line 78.
LaTeX Font Info:    Checking defaults for PD1/pdf/m/n on input line 78.
LaTeX Font Info:    ... okay on input line 78.

(/usr/local/texlive/2014/texmf-dist/tex/context/base/supp-pdf.mkii
[Loading MPS to PDF converter (version 2006.09.02).]
\scratchcounter=\count143
\scratchdimen=\dimen144
\scratchbox=\box33
\nofMPsegments=\count144
\nofMParguments=\count145
\everyMPshowfont=\toks48
\MPscratchCnt=\count146
\MPscratchDim=\dimen145
\MPnumerator=\count147
\makeMPintoPDFobject=\count148
\everyMPtoPDFconversion=\toks49
) (/usr/local/texlive/2014/texmf-dist/tex/latex/oberdiek/epstopdf-base.sty
Package: epstopdf-base 2010/02/09 v2.5 Base part for package epstopdf

(/usr/local/texlive/2014/texmf-dist/tex/latex/oberdiek/grfext.sty
Package: grfext 2010/08/19 v1.1 Manage graphics extensions (HO)
)
Package grfext Info: Graphics extension search list:
(grfext)             [.png,.pdf,.jpg,.mps,.jpeg,.jbig2,.jb2,.PNG,.PDF,.JPG,.JPE
G,.JBIG2,.JB2,.eps]
(grfext)             \AppendGraphicsExtensions on input line 452.

(/usr/local/texlive/2014/texmf-dist/tex/latex/latexconfig/epstopdf-sys.cfg
File: epstopdf-sys.cfg 2010/07/13 v1.3 Configuration of (r)epstopdf for TeX Liv
e
))
\AtBeginShipoutBox=\box34


Package hyperref Warning: Height of page (\paperheight) is invalid (0.0pt),
(hyperref)                using 11in.

Package hyperref Info: Link coloring ON on input line 78.
(/usr/local/texlive/2014/texmf-dist/tex/latex/hyperref/nameref.sty
Package: nameref 2012/10/27 v2.43 Cross-referencing by name of section

(/usr/local/texlive/2014/texmf-dist/tex/generic/oberdiek/gettitlestring.sty
Package: gettitlestring 2010/12/03 v1.4 Cleanup title references (HO)
)
\c@section@level=\count149
)
LaTeX Info: Redefining \ref on input line 78.
LaTeX Info: Redefining \pageref on input line 78.
LaTeX Info: Redefining \nameref on input line 78.
LaTeX Font Info:    Font shape `T1/ptm/bx/n' in size <17.28> not available
(Font)              Font shape `T1/ptm/b/n' tried instead on input line 111.
LaTeX Font Info:    Try loading font information for OT1+ztmcm on input line 11
1.

(/usr/local/texlive/2014/texmf-dist/tex/latex/psnfss/ot1ztmcm.fd
File: ot1ztmcm.fd 2000/01/03 Fontinst v1.801 font definitions for OT1/ztmcm.
)
LaTeX Font Info:    Try loading font information for OML+ztmcm on input line 11
1.

(/usr/local/texlive/2014/texmf-dist/tex/latex/psnfss/omlztmcm.fd
File: omlztmcm.fd 2000/01/03 Fontinst v1.801 font definitions for OML/ztmcm.
)
LaTeX Font Info:    Try loading font information for OMS+ztmcm on input line 11
1.

(/usr/local/texlive/2014/texmf-dist/tex/latex/psnfss/omsztmcm.fd
File: omsztmcm.fd 2000/01/03 Fontinst v1.801 font definitions for OMS/ztmcm.
)
LaTeX Font Info:    Try loading font information for OMX+ztmcm on input line 11
1.

(/usr/local/texlive/2014/texmf-dist/tex/latex/psnfss/omxztmcm.fd
File: omxztmcm.fd 2000/01/03 Fontinst v1.801 font definitions for OMX/ztmcm.
)
LaTeX Font Info:    Try loading font information for OT1+ptm on input line 111.


(/usr/local/texlive/2014/texmf-dist/tex/latex/psnfss/ot1ptm.fd
File: ot1ptm.fd 2001/06/04 font definitions for OT1/ptm.
)
LaTeX Font Info:    Font shape `OT1/ptm/bx/n' in size <9> not available
(Font)              Font shape `OT1/ptm/b/n' tried instead on input line 111.
LaTeX Font Info:    Font shape `OT1/ptm/bx/n' in size <7> not available
(Font)              Font shape `OT1/ptm/b/n' tried instead on input line 111.
LaTeX Font Info:    Font shape `OT1/ptm/bx/n' in size <5> not available
(Font)              Font shape `OT1/ptm/b/n' tried instead on input line 111.
LaTeX Font Info:    Try loading font information for U+rsfs on input line 111.

(/usr/local/texlive/2014/texmf-dist/tex/latex/jknapltx/ursfs.fd
File: ursfs.fd 1998/03/24 rsfs font definition file (jk)
)
<Figures/teaser/teaser_1.png, id=4, 459.21562pt x 609.77812pt>
File: Figures/teaser/teaser_1.png Graphic file (type png)

<use Figures/teaser/teaser_1.png>
Package pdftex.def Info: Figures/teaser/teaser_1.png used on input line 111.
(pdftex.def)             Requested size: 101.96265pt x 135.38908pt.

<Figures/teaser/teaser_2.png, id=6, 401.5pt x 813.0375pt>
File: Figures/teaser/teaser_2.png Graphic file (type png)

<use Figures/teaser/teaser_2.png>
Package pdftex.def Info: Figures/teaser/teaser_2.png used on input line 111.
(pdftex.def)             Requested size: 66.80383pt x 135.27434pt.

<Figures/teaser/teaser_3.png, id=7, 401.5pt x 813.0375pt>
File: Figures/teaser/teaser_3.png Graphic file (type png)

<use Figures/teaser/teaser_3.png>
Package pdftex.def Info: Figures/teaser/teaser_3.png used on input line 111.
(pdftex.def)             Requested size: 66.80383pt x 135.27434pt.

<Figures/teaser/teaser_4.png, id=8, 438.438pt x 390.258pt>
File: Figures/teaser/teaser_4.png Graphic file (type png)

<use Figures/teaser/teaser_4.png>
Package pdftex.def Info: Figures/teaser/teaser_4.png used on input line 111.
(pdftex.def)             Requested size: 152.03247pt x 135.32991pt.
LaTeX Font Info:    Font shape `T1/ptm/bx/n' in size <9> not available
(Font)              Font shape `T1/ptm/b/n' tried instead on input line 111.

Underfull \hbox (badness 10000) in paragraph at lines 114--115

 []

(./abstract.tex)
Underfull \hbox (badness 1552) in paragraph at lines 130--133
[]\T1/ptm/m/n/9 Categories and Sub-ject De-scrip-tors \T1/ptm/m/n/8 (ac-cord-in
g to ACM CCS)\T1/ptm/m/n/9 :  I.3.3 [Com-puter Graph-ics]: Pic-ture/Image
 []

(./intro.tex
Underfull \vbox (badness 10000) has occurred while \output is active []

 [1{/usr/local/texlive/2014/texmf-var/fonts/map/pdftex/updmap/pdftex.map}pdfTeX
 warning (ext4): destination with the same identifier (name{figure.1}) has been
 already used, duplicate ignored

\AtBegShi@Output ...ipout \box \AtBeginShipoutBox 
                                                  \fi \fi 
l.12 
     


 <./Figures/teaser/teaser_1.png> <./Figures/teaser/teaser_2.png> <./Figures/tea
ser/teaser_3.png> <./Figures/teaser/teaser_4.png>]
Underfull \hbox (badness 1389) in paragraph at lines 13--14
\T1/ptm/m/n/9 into con-sid-er-a-tion, we op-ti-mize the global stiffness-to-
 []

) (./related.tex
Underfull \hbox (badness 3049) in paragraph at lines 8--9
\T1/ptm/m/n/9 aware 3D shape de-sign which es-tab-lishes physically-
 []


Underfull \hbox (badness 1521) in paragraph at lines 8--9
\T1/ptm/m/n/9 print-ing. Pre-vi-ous work fo-cused on the de-sire of cer-
 []


Underfull \hbox (badness 4353) in paragraph at lines 8--9
\T1/ptm/m/n/9 tain phys-i-cal prop-er-ties, such as de-for-ma-tion be-hav-
 []


Underfull \hbox (badness 2253) in paragraph at lines 8--9
\T1/ptm/m/n/9 ior [[][][]BBO$[]$10[][]], fab-ri-cat-able via com-er-cial 3D pri
nter's
 []


Underfull \hbox (badness 3861) in paragraph at lines 8--9
\T1/ptm/m/n/9 lim-ited work-ing vol-ume [[][][]LBRM12[][]], phys-i-cal re-al-iz
a-
 []


Underfull \hbox (badness 1946) in paragraph at lines 10--11
[]\T1/ptm/m/n/9 Over the re-cent years it has been more and more
 []


Underfull \hbox (badness 10000) in paragraph at lines 10--11
\T1/ptm/m/n/9 rec-og-nized that 3D print-ing tech-niques, in-clud-ing
 []


Underfull \hbox (badness 4713) in paragraph at lines 10--11
\T1/ptm/m/n/9 FDM/SLS/SLA, etc., are hin-dered for both re-search
 []


Underfull \hbox (badness 1331) in paragraph at lines 10--11
\T1/ptm/m/n/9 and a rather low fab-ri-ca-tion speed. The core prob-lem
 []


Underfull \hbox (badness 1609) in paragraph at lines 10--11
\T1/ptm/m/n/9 here is to re-duce the de-signed vol-ume of the ob-ject.
 []


Underfull \hbox (badness 5161) in paragraph at lines 10--11
\T1/ptm/m/n/9 In-spired by lightweight struc-ture ob-served from na-
 []


Underfull \hbox (badness 2142) in paragraph at lines 10--11
\T1/ptm/m/n/9 for-mu-la-tion, our pro-posed unknown-load-based method
 []


Underfull \hbox (badness 1158) in paragraph at lines 10--11
\T1/ptm/m/n/9 With-out a given load dis-tri-bu-tion, a struc-tural anal-y-sis
 []


Underfull \hbox (badness 1412) in paragraph at lines 10--11
\T1/ptm/m/n/9 ob-ser-va-tion, this work uses an Eigen-mode for-mu-la-tion
 []


Underfull \hbox (badness 3701) in paragraph at lines 10--11
\T1/ptm/m/n/9 stiff-ness for-mu-la-tion. In com-pu-ta-tional struc-ture area,
 []

[2]) (./formulation.tex
<Figures/pipeline/1.png, id=70, 382.42876pt x 475.7775pt>
File: Figures/pipeline/1.png Graphic file (type png)

<use Figures/pipeline/1.png>
Package pdftex.def Info: Figures/pipeline/1.png used on input line 10.
(pdftex.def)             Requested size: 86.64111pt x 107.78581pt.

<Figures/pipeline/2.png, id=71, 382.42876pt x 475.7775pt>
File: Figures/pipeline/2.png Graphic file (type png)

<use Figures/pipeline/2.png>
Package pdftex.def Info: Figures/pipeline/2.png used on input line 13.
(pdftex.def)             Requested size: 86.64111pt x 107.78581pt.

<Figures/pipeline/m1.png, id=72, 65.24374pt x 293.095pt>
File: Figures/pipeline/m1.png Graphic file (type png)

<use Figures/pipeline/m1.png>
Package pdftex.def Info: Figures/pipeline/m1.png used on input line 13.
(pdftex.def)             Requested size: 24.16516pt x 108.55525pt.

<Figures/pipeline/3.png, id=73, 382.42876pt x 475.7775pt>
File: Figures/pipeline/3.png Graphic file (type png)

<use Figures/pipeline/3.png>
Package pdftex.def Info: Figures/pipeline/3.png used on input line 16.
(pdftex.def)             Requested size: 86.64111pt x 107.78581pt.

<Figures/pipeline/m2.png, id=74, 65.24374pt x 295.1025pt>
File: Figures/pipeline/m2.png Graphic file (type png)

<use Figures/pipeline/m2.png>
Package pdftex.def Info: Figures/pipeline/m2.png used on input line 16.
(pdftex.def)             Requested size: 24.16516pt x 109.29878pt.

<Figures/pipeline/4.png, id=75, 382.42876pt x 475.7775pt>
File: Figures/pipeline/4.png Graphic file (type png)

<use Figures/pipeline/4.png>
Package pdftex.def Info: Figures/pipeline/4.png used on input line 18.
(pdftex.def)             Requested size: 86.64111pt x 107.78581pt.

<Figures/structure/structure.pdf, id=76, 481.8pt x 361.35pt>
File: Figures/structure/structure.pdf Graphic file (type pdf)

<use Figures/structure/structure.pdf>
Package pdftex.def Info: Figures/structure/structure.pdf used on input line 60.

(pdftex.def)             Requested size: 86.39868pt x 64.79758pt.

Underfull \hbox (badness 1275) in paragraph at lines 62--70
\T1/ptm/m/n/9 of a set of frame nodes $\OML/ztmcm/m/it/9 V \OT1/ztmcm/m/n/9 =
 []


Underfull \hbox (badness 2617) in paragraph at lines 62--70
\OMS/ztmcm/m/n/9 f\OT1/ptm/b/n/9 v[]\OML/ztmcm/m/it/9 ; i \OT1/ztmcm/m/n/9 = 1\
OML/ztmcm/m/it/9 ; \OT1/ztmcm/m/n/9 2\OML/ztmcm/m/it/9 ; []  ; m\OMS/ztmcm/m/n/
9 g$ \T1/ptm/m/n/9 which are
 []

[3 <./Figures/structure/structure.pdf>] [4pdfTeX warning (ext4): destination wi
th the same identifier (name{figure.2}) has been already used, duplicate ignore
d

\AtBegShi@Output ...ipout \box \AtBeginShipoutBox 
                                                  \fi \fi 
l.216 \begin{equation}
                       \label{eq:radius-bounds} <./Figures/pipeline/1.png> <./F
igures/pipeline/2.png> <./Figures/pipeline/m1.png> <./Figures/pipeline/3.png> <
./Figures/pipeline/m2.png> <./Figures/pipeline/4.png>]
<Figures/area/area.pdf, id=148, 481.8pt x 361.35pt>
File: Figures/area/area.pdf Graphic file (type pdf)

<use Figures/area/area.pdf>
Package pdftex.def Info: Figures/area/area.pdf used on input line 269.
(pdftex.def)             Requested size: 86.39868pt x 64.79758pt.

Underfull \hbox (badness 3240) in paragraph at lines 270--278
[]\T1/ptm/m/n/9 Let $[]$ be the amount of
 []


Underfull \hbox (badness 1077) in paragraph at lines 270--278
\T1/ptm/m/n/9 ma-te-rial avail-able. The vol-ume
 []


Underfull \hbox (badness 5147) in paragraph at lines 270--278
\T1/ptm/m/n/9 of solid ma-te-rial in the de-
 []

) (./algorithm.tex
Underfull \hbox (badness 10000) in paragraph at lines 22--27
\T1/ptm/m/n/9 We choose an isotropic tetra-he-dral-iza-tion ap-
 []


Underfull \hbox (badness 5217) in paragraph at lines 22--27
\T1/ptm/m/n/9 proach [[][][]YWLL10[][]] to guide the frame ini-tial-iza-tion,
 []


Underfull \hbox (badness 1142) in paragraph at lines 22--27
\T1/ptm/m/n/9 we min-i-mize the CCVT en-ergy func-tion by it-er-a-tively
 []

[5 <./Figures/area/area.pdf>]
Underfull \hbox (badness 10000) in paragraph at lines 85--87

 []

Package hyperref Info: bookmark level for unknown algorithm defaults to 0 on in
put line 109.

Underfull \hbox (badness 3536) in paragraph at lines 115--119
[]\T1/ptm/m/n/9 When the op-ti-mized frame is gen-er-ated from our
 []

) (./result.tex [6]
<Figures/hand/hand.pdf, id=225, 2163.08125pt x 1707.37875pt>
File: Figures/hand/hand.pdf Graphic file (type pdf)

<use Figures/hand/hand.pdf>
Package pdftex.def Info: Figures/hand/hand.pdf used on input line 16.
(pdftex.def)             Requested size: 216.0pt x 170.48735pt.

<Figures/fig4/fig4.pdf, id=226, 1063.975pt x 631.35875pt>
File: Figures/fig4/fig4.pdf Graphic file (type pdf)

<use Figures/fig4/fig4.pdf>
Package pdftex.def Info: Figures/fig4/fig4.pdf used on input line 23.
(pdftex.def)             Requested size: 387.60278pt x 229.99605pt.

<Tables/table1.pdf, id=227, 420.57124pt x 107.40125pt>
File: Tables/table1.pdf Graphic file (type pdf)
 <use Tables/table1.pdf>
Package pdftex.def Info: Tables/table1.pdf used on input line 34.
(pdftex.def)             Requested size: 216.0pt x 55.16066pt.

<Figures/hand/fig_obj_hand.pdf, id=234, 597.23125pt x 426.59375pt>
File: Figures/hand/fig_obj_hand.pdf Graphic file (type pdf)

<use Figures/hand/fig_obj_hand.pdf>
Package pdftex.def Info: Figures/hand/fig_obj_hand.pdf used on input line 53.
(pdftex.def)             Requested size: 216.0pt x 154.28314pt.

<Tables/table2.pdf, id=237, 420.57124pt x 107.40125pt>
File: Tables/table2.pdf Graphic file (type pdf)
 <use Tables/table2.pdf>
Package pdftex.def Info: Tables/table2.pdf used on input line 60.
(pdftex.def)             Requested size: 216.0pt x 55.16066pt.

<Figures/molar_cmp/m2.png, id=238, 353.32pt x 461.725pt>
File: Figures/molar_cmp/m2.png Graphic file (type png)

<use Figures/molar_cmp/m2.png>
Package pdftex.def Info: Figures/molar_cmp/m2.png used on input line 65.
(pdftex.def)             Requested size: 86.39868pt x 112.90872pt.

<Figures/molar_cmp/m1.png, id=239, 353.32pt x 461.725pt>
File: Figures/molar_cmp/m1.png Graphic file (type png)

<use Figures/molar_cmp/m1.png>
Package pdftex.def Info: Figures/molar_cmp/m1.png used on input line 66.
(pdftex.def)             Requested size: 86.39868pt x 112.90872pt.


LaTeX Warning: `h' float specifier changed to `ht'.

<Figures/results/1.png, id=244, 783.92876pt x 398.48875pt>
File: Figures/results/1.png Graphic file (type png)

<use Figures/results/1.png>
Package pdftex.def Info: Figures/results/1.png used on input line 73.
(pdftex.def)             Requested size: 216.0pt x 109.79451pt.


LaTeX Warning: `h' float specifier changed to `ht'.

) (./conclusion.tex [7pdfTeX warning (ext4): destination with the same identifi
er (name{figure.3}) has been already used, duplicate ignored

\AtBegShi@Output ...ipout \box \AtBeginShipoutBox 
                                                  \fi \fi 
l.13 
     pdfTeX warning (ext4): destination with the same identifier (name{table.1}
) has been already used, duplicate ignored

\AtBegShi@Output ...ipout \box \AtBeginShipoutBox 
                                                  \fi \fi 
l.13 
     pdfTeX warning (ext4): destination with the same identifier (name{figure.5
}) has been already used, duplicate ignored

\AtBegShi@Output ...ipout \box \AtBeginShipoutBox 
                                                  \fi \fi 
l.13 
      <./Figures/hand/hand.pdf> <./Tables/table1.pdf> <./Figures/hand/fig_obj_h
and.pdf>] [8pdfTeX warning (ext4): destination with the same identifier (name{f
igure.4}) has been already used, duplicate ignored

\AtBegShi@Output ...ipout \box \AtBeginShipoutBox 
                                                  \fi \fi 
l.22 $$
       pdfTeX warning (ext4): destination with the same identifier (name{table.
2}) has been already used, duplicate ignored

\AtBegShi@Output ...ipout \box \AtBeginShipoutBox 
                                                  \fi \fi 
l.22 $$
       pdfTeX warning (ext4): destination with the same identifier (name{figure
.6}) has been already used, duplicate ignored

\AtBegShi@Output ...ipout \box \AtBeginShipoutBox 
                                                  \fi \fi 
l.22 $$
        <./Figures/fig4/fig4.pdf> <./Tables/table2.pdf> <./Figures/molar_cmp/m2
.png> <./Figures/molar_cmp/m1.png>]) (./structuralopt.bbl (./structuralopt.brf)
\tf@brf=\write3
\openout3 = `structuralopt.brf'.

LaTeX Font Info:    Font shape `OT1/ptm/bx/n' in size <8> not available
(Font)              Font shape `OT1/ptm/b/n' tried instead on input line 10.
LaTeX Font Info:    Font shape `OT1/ptm/bx/n' in size <6> not available
(Font)              Font shape `OT1/ptm/b/n' tried instead on input line 10.

Underfull \hbox (badness 7468) in paragraph at lines 25--25
[]\T1/ptm/m/sc/8 Chandrupatla T. R., Bele-gundu A. D.,
 []


Underfull \hbox (badness 8094) in paragraph at lines 83--83
[]\T1/ptm/m/sc/8 Prevost R., Whit-ing E., Lefeb-vre S.,
 []

)
\tf@thm=\write4
\openout4 = `structuralopt.thm'.

Package atveryend Info: Empty hook `BeforeClearDocument' on input line 167.
 [9pdfTeX warning (ext4): destination with the same identifier (name{figure.7})
 has been already used, duplicate ignored

\AtBegShi@Output ...ipout \box \AtBeginShipoutBox 
                                                  \fi \fi 
l.167 \end{document}
                     <./Figures/results/1.png>]
Package atveryend Info: Empty hook `AfterLastShipout' on input line 167.
 (./structuralopt.aux)
Package atveryend Info: Executing hook `AtVeryEndDocument' on input line 167.
Package atveryend Info: Executing hook `AtEndAfterFileList' on input line 167.
Package rerunfilecheck Info: File `structuralopt.brf' has not changed.
(rerunfilecheck)             Checksum: 9C4E79EA0E8AE6E5F98D2C4979CEC4B8;1655.
Package atveryend Info: Empty hook `AtVeryVeryEnd' on input line 167.
 ) ) 
Here is how much of TeX's memory you used:
 8250 strings out of 493117
 118852 string characters out of 6135433
 225310 words of memory out of 5000000
 11385 multiletter control sequences out of 15000+600000
 61278 words of font info for 112 fonts, out of 8000000 for 9000
 1141 hyphenation exceptions out of 8191
 34i,10n,28p,1921b,379s stack positions out of 5000i,500n,10000p,200000b,80000s
{/usr/local/texlive/2014/texmf-dist/fonts/enc/dvips/base/8r.enc}</usr/local
/texlive/2014/texmf-dist/fonts/type1/public/amsfonts/cm/cmex10.pfb></usr/local/
texlive/2014/texmf-dist/fonts/type1/public/amsfonts/cm/cmmi10.pfb></usr/local/t
exlive/2014/texmf-dist/fonts/type1/public/amsfonts/cm/cmr10.pfb></usr/local/tex
live/2014/texmf-dist/fonts/type1/public/amsfonts/cm/cmsy10.pfb></usr/local/texl
ive/2014/texmf-dist/fonts/type1/public/amsfonts/symbols/msam10.pfb></usr/local/
texlive/2014/texmf-dist/fonts/type1/public/amsfonts/symbols/msbm10.pfb></usr/lo
cal/texlive/2014/texmf-dist/fonts/type1/public/rsfs/rsfs10.pfb></usr/local/texl
ive/2014/texmf-dist/fonts/type1/urw/symbol/usyr.pfb></usr/local/texlive/2014/te
xmf-dist/fonts/type1/urw/symbol/usyr.pfb></usr/local/texlive/2014/texmf-dist/fo
nts/type1/urw/times/utmb8a.pfb></usr/local/texlive/2014/texmf-dist/fonts/type1/
urw/times/utmr8a.pfb></usr/local/texlive/2014/texmf-dist/fonts/type1/urw/times/
utmri8a.pfb>
Output written on structuralopt.pdf (9 pages, 10818605 bytes).
PDF statistics:
 597 PDF objects out of 1000 (max. 8388607)
 453 compressed objects within 5 object streams
 82 named destinations out of 1000 (max. 500000)
 101 words of extra memory for PDF output out of 10000 (max. 10000000)

